<?xml version="1.0" encoding="UTF-8"?>
<!-- Generated by org.testng.reporters.JUnitXMLReporter -->
<testsuite ignored="0" hostname="DESKTOP-K4J8M75" failures="1" tests="3" name="Test" time="19.395" errors="0" timestamp="2024-03-17T19:06:26 IST">
  <testcase classname="runner.TC_001_Login" name="login" time="0.0">
    <failure type="org.testng.TestNGException" message="
Method public void runner.TC_001_Login.login(java.lang.String,java.lang.String,java.lang.String,java.lang.String) requires a @DataProvider named : getdata">
      <![CDATA[org.testng.TestNGException: 
Method public void runner.TC_001_Login.login(java.lang.String,java.lang.String,java.lang.String,java.lang.String) requires a @DataProvider named : getdata
at org.testng.internal.Parameters.findDataProvider(Parameters.java:561)
at org.testng.internal.Parameters.handleParameters(Parameters.java:772)
at org.testng.internal.Parameters.handleParameters(Parameters.java:740)
at org.testng.internal.ParameterHandler.handleParameters(ParameterHandler.java:59)
at org.testng.internal.ParameterHandler.createParameters(ParameterHandler.java:38)
at org.testng.internal.TestInvoker$MethodInvocationAgent.invoke(TestInvoker.java:791)
at org.testng.internal.TestInvoker.invokeTestMethods(TestInvoker.java:146)
at org.testng.internal.TestMethodWorker.invokeTestMethods(TestMethodWorker.java:146)
at org.testng.internal.TestMethodWorker.run(TestMethodWorker.java:128)
at java.base/java.util.concurrent.ThreadPoolExecutor.runWorker(ThreadPoolExecutor.java:1130)
at java.base/java.util.concurrent.ThreadPoolExecutor$Worker.run(ThreadPoolExecutor.java:630)
at java.base/java.lang.Thread.run(Thread.java:831)
]]>
    </failure>
  </testcase> <!-- login -->
  <testcase classname="io.cucumber.testng.AbstractTestNGCucumberTests" name="runScenario" time="1.591"/>
  <testcase classname="runner.TC_002_Logout" name="logout" time="2.781"/>
</testsuite> <!-- Test -->
